20:52:42.333 [JavaFX Application Thread] DEBUG com.aaron.actividad.BibliotecaController - Aplicación Iniciada
20:52:59.109 [JavaFX Application Thread] INFO  com.aaron.actividad.BibliotecaController - Borrados todos los registros
19:45:08.474 [JavaFX Application Thread] DEBUG com.aaron.actividad.BibliotecaController - Aplicación Iniciada
19:46:00.503 [JavaFX Application Thread] INFO  com.aaron.actividad.BibliotecaController - Borrados todos los registros
19:46:34.558 [JavaFX Application Thread] ERROR com.aaron.actividad.BibliotecaController - Fallo al cambiar de BBDD
19:50:23.788 [JavaFX Application Thread] DEBUG com.aaron.actividad.BibliotecaController - Aplicación Iniciada
19:50:35.059 [JavaFX Application Thread] ERROR com.aaron.actividad.BibliotecaController - Fallo al cambiar de BBDD
org.postgresql.util.PSQLException: FATAL: no existe la base de datos «/biblioteca» (pgjdbc: autodetected server-encoding to be ISO-8859-1, if the message is not readable, please check database logs and/or host, port, dbname, user, password, pg_hba.conf)
	at com.aaron.actividad.BibliotecaController.cambiarBD(BibliotecaController.java:301) ~[classes/:?]
	at jdk.internal.reflect.NativeMethodAccessorImpl.invoke0(Native Method) ~[?:?]
	at jdk.internal.reflect.NativeMethodAccessorImpl.invoke(NativeMethodAccessorImpl.java:62) ~[?:?]
	at jdk.internal.reflect.DelegatingMethodAccessorImpl.invoke(DelegatingMethodAccessorImpl.java:43) ~[?:?]
	at java.lang.reflect.Method.invoke(Method.java:566) ~[?:?]
	at com.sun.javafx.reflect.Trampoline.invoke(MethodUtil.java:76) ~[javafx-base-11.0.2-win.jar:?]
	at jdk.internal.reflect.GeneratedMethodAccessor2.invoke(Unknown Source) ~[?:?]
	at jdk.internal.reflect.DelegatingMethodAccessorImpl.invoke(DelegatingMethodAccessorImpl.java:43) ~[?:?]
	at java.lang.reflect.Method.invoke(Method.java:566) ~[?:?]
	at com.sun.javafx.reflect.MethodUtil.invoke(MethodUtil.java:273) ~[javafx-base-11.0.2-win.jar:?]
	at com.sun.javafx.fxml.MethodHelper.invoke(MethodHelper.java:83) ~[javafx-fxml-14-win.jar:?]
	at javafx.fxml.FXMLLoader$MethodHandler.invoke(FXMLLoader.java:1782) ~[javafx-fxml-14-win.jar:?]
	at javafx.fxml.FXMLLoader$ControllerMethodEventHandler.handle(FXMLLoader.java:1670) ~[javafx-fxml-14-win.jar:?]
	at com.sun.javafx.event.CompositeEventHandler.dispatchBubblingEvent(CompositeEventHandler.java:86) ~[javafx-base-11.0.2-win.jar:?]
	at com.sun.javafx.event.EventHandlerManager.dispatchBubblingEvent(EventHandlerManager.java:238) ~[javafx-base-11.0.2-win.jar:?]
	at com.sun.javafx.event.EventHandlerManager.dispatchBubblingEvent(EventHandlerManager.java:191) ~[javafx-base-11.0.2-win.jar:?]
	at com.sun.javafx.event.BasicEventDispatcher.dispatchEvent(BasicEventDispatcher.java:58) ~[javafx-base-11.0.2-win.jar:?]
	at com.sun.javafx.event.EventDispatchChainImpl.dispatchEvent(EventDispatchChainImpl.java:114) ~[javafx-base-11.0.2-win.jar:?]
	at com.sun.javafx.event.EventUtil.fireEventImpl(EventUtil.java:74) ~[javafx-base-11.0.2-win.jar:?]
	at com.sun.javafx.event.EventUtil.fireEvent(EventUtil.java:49) ~[javafx-base-11.0.2-win.jar:?]
	at javafx.event.Event.fireEvent(Event.java:198) ~[javafx-base-11.0.2-win.jar:?]
	at javafx.scene.control.MenuItem.fire(MenuItem.java:459) ~[javafx-controls-14-win.jar:?]
	at com.sun.javafx.scene.control.ContextMenuContent$MenuItemContainer.doSelect(ContextMenuContent.java:1380) ~[javafx-controls-14-win.jar:?]
	at com.sun.javafx.scene.control.ContextMenuContent$MenuItemContainer.lambda$createChildren$12(ContextMenuContent.java:1333) ~[javafx-controls-14-win.jar:?]
	at com.sun.javafx.event.CompositeEventHandler$NormalEventHandlerRecord.handleBubblingEvent(CompositeEventHandler.java:218) ~[javafx-base-11.0.2-win.jar:?]
	at com.sun.javafx.event.CompositeEventHandler.dispatchBubblingEvent(CompositeEventHandler.java:80) ~[javafx-base-11.0.2-win.jar:?]
	at com.sun.javafx.event.EventHandlerManager.dispatchBubblingEvent(EventHandlerManager.java:238) ~[javafx-base-11.0.2-win.jar:?]
	at com.sun.javafx.event.EventHandlerManager.dispatchBubblingEvent(EventHandlerManager.java:191) ~[javafx-base-11.0.2-win.jar:?]
	at com.sun.javafx.event.CompositeEventDispatcher.dispatchBubblingEvent(CompositeEventDispatcher.java:59) ~[javafx-base-11.0.2-win.jar:?]
	at com.sun.javafx.event.BasicEventDispatcher.dispatchEvent(BasicEventDispatcher.java:58) ~[javafx-base-11.0.2-win.jar:?]
	at com.sun.javafx.event.EventDispatchChainImpl.dispatchEvent(EventDispatchChainImpl.java:114) ~[javafx-base-11.0.2-win.jar:?]
	at com.sun.javafx.event.BasicEventDispatcher.dispatchEvent(BasicEventDispatcher.java:56) ~[javafx-base-11.0.2-win.jar:?]
	at com.sun.javafx.event.EventDispatchChainImpl.dispatchEvent(EventDispatchChainImpl.java:114) ~[javafx-base-11.0.2-win.jar:?]
	at com.sun.javafx.event.BasicEventDispatcher.dispatchEvent(BasicEventDispatcher.java:56) ~[javafx-base-11.0.2-win.jar:?]
	at com.sun.javafx.event.EventDispatchChainImpl.dispatchEvent(EventDispatchChainImpl.java:114) ~[javafx-base-11.0.2-win.jar:?]
	at com.sun.javafx.event.BasicEventDispatcher.dispatchEvent(BasicEventDispatcher.java:56) ~[javafx-base-11.0.2-win.jar:?]
	at com.sun.javafx.event.EventDispatchChainImpl.dispatchEvent(EventDispatchChainImpl.java:114) ~[javafx-base-11.0.2-win.jar:?]
	at com.sun.javafx.event.EventUtil.fireEventImpl(EventUtil.java:74) ~[javafx-base-11.0.2-win.jar:?]
	at com.sun.javafx.event.EventUtil.fireEvent(EventUtil.java:54) ~[javafx-base-11.0.2-win.jar:?]
	at javafx.event.Event.fireEvent(Event.java:198) ~[javafx-base-11.0.2-win.jar:?]
	at javafx.scene.Scene$MouseHandler.process(Scene.java:3890) ~[javafx-graphics-14-win.jar:?]
	at javafx.scene.Scene.processMouseEvent(Scene.java:1885) ~[javafx-graphics-14-win.jar:?]
	at javafx.scene.Scene$ScenePeerListener.mouseEvent(Scene.java:2618) ~[javafx-graphics-14-win.jar:?]
	at com.sun.javafx.tk.quantum.GlassViewEventHandler$MouseEventNotification.run(GlassViewEventHandler.java:409) ~[javafx-graphics-14-win.jar:?]
	at com.sun.javafx.tk.quantum.GlassViewEventHandler$MouseEventNotification.run(GlassViewEventHandler.java:299) ~[javafx-graphics-14-win.jar:?]
	at java.security.AccessController.doPrivileged(Native Method) ~[?:?]
	at com.sun.javafx.tk.quantum.GlassViewEventHandler.lambda$handleMouseEvent$2(GlassViewEventHandler.java:447) ~[javafx-graphics-14-win.jar:?]
	at com.sun.javafx.tk.quantum.QuantumToolkit.runWithoutRenderLock(QuantumToolkit.java:412) ~[javafx-graphics-14-win.jar:?]
	at com.sun.javafx.tk.quantum.GlassViewEventHandler.handleMouseEvent(GlassViewEventHandler.java:446) ~[javafx-graphics-14-win.jar:?]
	at com.sun.glass.ui.View.handleMouseEvent(View.java:556) ~[javafx-graphics-14-win.jar:?]
	at com.sun.glass.ui.View.notifyMouse(View.java:942) ~[javafx-graphics-14-win.jar:?]
	at com.sun.glass.ui.win.WinApplication._runLoop(Native Method) ~[javafx-graphics-14-win.jar:?]
	at com.sun.glass.ui.win.WinApplication.lambda$runLoop$3(WinApplication.java:174) ~[javafx-graphics-14-win.jar:?]
	at java.lang.Thread.run(Thread.java:834) [?:?]
19:51:55.804 [JavaFX Application Thread] DEBUG com.aaron.actividad.BibliotecaController - Aplicación Iniciada
19:53:33.561 [JavaFX Application Thread] DEBUG com.aaron.actividad.BibliotecaController - Aplicación Iniciada
17:14:21.208 [JavaFX Application Thread] DEBUG com.aaron.actividad.BibliotecaController - Aplicación Iniciada
17:20:09.073 [JavaFX Application Thread] DEBUG com.aaron.actividad.BibliotecaController - Aplicación Iniciada
17:21:59.794 [JavaFX Application Thread] DEBUG com.aaron.actividad.BibliotecaController - Aplicación Iniciada
17:25:21.852 [JavaFX Application Thread] DEBUG com.aaron.actividad.BibliotecaController - Aplicación Iniciada
17:49:46.255 [JavaFX Application Thread] DEBUG com.aaron.actividad.BibliotecaController - Aplicación Iniciada
19:41:52.825 [JavaFX Application Thread] DEBUG com.aaron.actividad.BibliotecaController - Aplicación Iniciada
19:45:03.532 [JavaFX Application Thread] DEBUG com.aaron.actividad.BibliotecaController - Aplicación Iniciada
16:50:57.863 [JavaFX Application Thread] DEBUG com.aaron.actividad.BibliotecaController - Aplicación Iniciada
16:56:06.827 [JavaFX Application Thread] DEBUG com.aaron.actividad.BibliotecaController - Aplicación Iniciada
17:06:01.901 [JavaFX Application Thread] DEBUG com.aaron.actividad.BibliotecaController - Aplicación Iniciada
17:11:44.529 [JavaFX Application Thread] DEBUG com.aaron.actividad.BibliotecaController - Aplicación Iniciada
17:31:20.519 [JavaFX Application Thread] DEBUG com.aaron.actividad.BibliotecaController - Aplicación Iniciada
17:39:41.015 [JavaFX Application Thread] DEBUG com.aaron.actividad.BibliotecaController - Aplicación Iniciada
